<?xml version="1.0" encoding="UTF-8"?>
<!-- Generated by org.testng.reporters.JUnitXMLReporter -->
<testsuite hostname="LAPTOP-R70E16ME" ignored="0" name="Default test" tests="5" failures="0" timestamp="20 Nov 2019 09:15:43 GMT" time="31.639" errors="0">
  <testcase name="titlepage" time="0.022" classname="com.crm.qa.testcases.Homepagetest"/>
  <testcase name="ValidateUsers" time="0.263" classname="com.crm.qa.testcases.Homepagetest"/>
  <testcase name="ValidateOperators" time="0.226" classname="com.crm.qa.testcases.Homepagetest"/>
  <testcase name="Validateusefullinks" time="0.322" classname="com.crm.qa.testcases.Homepagetest"/>
  <testcase name="Validatedownloads" time="0.284" classname="com.crm.qa.testcases.Homepagetest"/>
</testsuite> <!-- Default test -->
