<?xml version="1.0" encoding="UTF-8"?>
<!-- Generated by org.testng.reporters.JUnitXMLReporter -->
<testsuite hostname="LAPTOP-R70E16ME" ignored="0" name="Test" tests="3" failures="0" timestamp="20 Nov 2019 09:17:07 GMT" time="17.585" errors="0">
  <testcase name="loginTest" time="0.023" classname="com.crm.qa.testcases.LoginPageTest"/>
  <testcase name="titlepage" time="0.011" classname="com.crm.qa.testcases.Homepagetest"/>
  <testcase name="User_list" time="0.071" classname="com.crm.qa.testcases.Userpagetest"/>
</testsuite> <!-- Test -->
